#
# There is insufficient memory for the Java Runtime Environment to continue.
# Native memory allocation (mmap) failed to map 11206656 bytes for committing reserved memory.
# Possible reasons:
#   The system is out of physical RAM or swap space
#   In 32 bit mode, the process size limit was hit
# Possible solutions:
#   Reduce memory load on the system
#   Increase physical memory or swap space
#   Check if swap backing store is full
#   Use 64 bit Java on a 64 bit OS
#   Decrease Java heap size (-Xmx/-Xms)
#   Decrease number of Java threads
#   Decrease Java thread stack sizes (-Xss)
#   Set larger code cache with -XX:ReservedCodeCacheSize=
# This output file may be truncated or incomplete.
#
#  Out of Memory Error (os_linux.cpp:2640), pid=3153, tid=0x00007fa323611700
#
# JRE version:  (8.0_161-b12) (build )
# Java VM: Java HotSpot(TM) 64-Bit Server VM (25.161-b12 mixed mode linux-amd64 compressed oops)
# Failed to write core dump. Core dumps have been disabled. To enable core dumping, try "ulimit -c unlimited" before starting Java again
#

---------------  T H R E A D  ---------------

Current thread (0x00007fa31c00a000):  JavaThread "Unknown thread" [_thread_in_vm, id=3154, stack(0x00007fa323511000,0x00007fa323612000)]

Stack: [0x00007fa323511000,0x00007fa323612000],  sp=0x00007fa323610350,  free space=1020k
Native frames: (J=compiled Java code, j=interpreted, Vv=VM code, C=native code)
V  [libjvm.so+0xacf94a]  VMError::report_and_die()+0x2ba
V  [libjvm.so+0x50050b]  report_vm_out_of_memory(char const*, int, unsigned long, VMErrorType, char const*)+0x8b
V  [libjvm.so+0x92b133]  os::Linux::commit_memory_impl(char*, unsigned long, bool)+0x103
V  [libjvm.so+0x92b5c9]  os::pd_commit_memory(char*, unsigned long, unsigned long, bool)+0x29
V  [libjvm.so+0x924c0a]  os::commit_memory(char*, unsigned long, unsigned long, bool)+0x2a
V  [libjvm.so+0xacb629]  VirtualSpace::expand_by(unsigned long, bool)+0x199
V  [libjvm.so+0xacc17e]  VirtualSpace::initialize(ReservedSpace, unsigned long)+0xee
V  [libjvm.so+0x5fec11]  CardGeneration::CardGeneration(ReservedSpace, unsigned long, int, GenRemSet*)+0xf1
V  [libjvm.so+0xa7225f]  TenuredGeneration::TenuredGeneration(ReservedSpace, unsigned long, int, GenRemSet*)+0x5f
V  [libjvm.so+0x5fff19]  GenerationSpec::init(ReservedSpace, int, GenRemSet*)+0x339
V  [libjvm.so+0x5eeaae]  GenCollectedHeap::initialize()+0x1de
V  [libjvm.so+0xa979f3]  Universe::initialize_heap()+0xf3
V  [libjvm.so+0xa97f5e]  universe_init()+0x3e
V  [libjvm.so+0x641fb5]  init_globals()+0x65
V  [libjvm.so+0xa7c5ae]  Threads::create_vm(JavaVMInitArgs*, bool*)+0x23e
V  [libjvm.so+0x6d6c24]  JNI_CreateJavaVM+0x74
C  [libjli.so+0x797e]  JavaMain+0x9e
C  [libpthread.so.0+0x76ba]  start_thread+0xca


---------------  P R O C E S S  ---------------

Java Threads: ( => current thread )

Other Threads:

=>0x00007fa31c00a000 (exited) JavaThread "Unknown thread" [_thread_in_vm, id=3154, stack(0x00007fa323511000,0x00007fa323612000)]

VM state:not at safepoint (not fully initialized)

VM Mutex/Monitor currently owned by a thread: None

GC Heap History (0 events):
No events

Deoptimization events (0 events):
No events

Classes redefined (0 events):
No events

Internal exceptions (0 events):
No events

Events (0 events):
No events


Dynamic libraries:
00400000-00401000 r-xp 00000000 ca:01 261743                             /usr/lib/jvm/java-8-oracle/jre/bin/java
00600000-00601000 rw-p 00000000 ca:01 261743                             /usr/lib/jvm/java-8-oracle/jre/bin/java
007a7000-007c8000 rw-p 00000000 00:00 0                                  [heap]
f0800000-f0d50000 rw-p 00000000 00:00 0 
f0d50000-f5aa0000 ---p 00000000 00:00 0 
f6550000-100000000 ---p 00000000 00:00 0 
7fa30d000000-7fa30d270000 rwxp 00000000 00:00 0 
7fa30d270000-7fa31c000000 ---p 00000000 00:00 0 
7fa31c000000-7fa31c036000 rw-p 00000000 00:00 0 
7fa31c036000-7fa320000000 ---p 00000000 00:00 0 
7fa32000b000-7fa32029d000 rw-p 00000000 00:00 0 
7fa32029d000-7fa320653000 ---p 00000000 00:00 0 
7fa320653000-7fa32066e000 r-xp 00000000 ca:01 262059                     /usr/lib/jvm/java-8-oracle/jre/lib/amd64/libzip.so
7fa32066e000-7fa32086e000 ---p 0001b000 ca:01 262059                     /usr/lib/jvm/java-8-oracle/jre/lib/amd64/libzip.so
7fa32086e000-7fa32086f000 rw-p 0001b000 ca:01 262059                     /usr/lib/jvm/java-8-oracle/jre/lib/amd64/libzip.so
7fa32086f000-7fa32087a000 r-xp 00000000 ca:01 1991                       /lib/x86_64-linux-gnu/libnss_files-2.23.so
7fa32087a000-7fa320a79000 ---p 0000b000 ca:01 1991                       /lib/x86_64-linux-gnu/libnss_files-2.23.so
7fa320a79000-7fa320a7a000 r--p 0000a000 ca:01 1991                       /lib/x86_64-linux-gnu/libnss_files-2.23.so
7fa320a7a000-7fa320a7b000 rw-p 0000b000 ca:01 1991                       /lib/x86_64-linux-gnu/libnss_files-2.23.so
7fa320a7b000-7fa320a81000 rw-p 00000000 00:00 0 
7fa320a81000-7fa320a8c000 r-xp 00000000 ca:01 1995                       /lib/x86_64-linux-gnu/libnss_nis-2.23.so
7fa320a8c000-7fa320c8b000 ---p 0000b000 ca:01 1995                       /lib/x86_64-linux-gnu/libnss_nis-2.23.so
7fa320c8b000-7fa320c8c000 r--p 0000a000 ca:01 1995                       /lib/x86_64-linux-gnu/libnss_nis-2.23.so
7fa320c8c000-7fa320c8d000 rw-p 0000b000 ca:01 1995                       /lib/x86_64-linux-gnu/libnss_nis-2.23.so
7fa320c8d000-7fa320ca3000 r-xp 00000000 ca:01 1968                       /lib/x86_64-linux-gnu/libnsl-2.23.so
7fa320ca3000-7fa320ea2000 ---p 00016000 ca:01 1968                       /lib/x86_64-linux-gnu/libnsl-2.23.so
7fa320ea2000-7fa320ea3000 r--p 00015000 ca:01 1968                       /lib/x86_64-linux-gnu/libnsl-2.23.so
7fa320ea3000-7fa320ea4000 rw-p 00016000 ca:01 1968                       /lib/x86_64-linux-gnu/libnsl-2.23.so
7fa320ea4000-7fa320ea6000 rw-p 00000000 00:00 0 
7fa320ea6000-7fa320eae000 r-xp 00000000 ca:01 1983                       /lib/x86_64-linux-gnu/libnss_compat-2.23.so
7fa320eae000-7fa3210ad000 ---p 00008000 ca:01 1983                       /lib/x86_64-linux-gnu/libnss_compat-2.23.so
7fa3210ad000-7fa3210ae000 r--p 00007000 ca:01 1983                       /lib/x86_64-linux-gnu/libnss_compat-2.23.so
7fa3210ae000-7fa3210af000 rw-p 00008000 ca:01 1983                       /lib/x86_64-linux-gnu/libnss_compat-2.23.so
7fa3210af000-7fa3210da000 r-xp 00000000 ca:01 262053                     /usr/lib/jvm/java-8-oracle/jre/lib/amd64/libjava.so
7fa3210da000-7fa3212d9000 ---p 0002b000 ca:01 262053                     /usr/lib/jvm/java-8-oracle/jre/lib/amd64/libjava.so
7fa3212d9000-7fa3212db000 rw-p 0002a000 ca:01 262053                     /usr/lib/jvm/java-8-oracle/jre/lib/amd64/libjava.so
7fa3212db000-7fa3212e8000 r-xp 00000000 ca:01 262058                     /usr/lib/jvm/java-8-oracle/jre/lib/amd64/libverify.so
7fa3212e8000-7fa3214e8000 ---p 0000d000 ca:01 262058                     /usr/lib/jvm/java-8-oracle/jre/lib/amd64/libverify.so
7fa3214e8000-7fa3214ea000 rw-p 0000d000 ca:01 262058                     /usr/lib/jvm/java-8-oracle/jre/lib/amd64/libverify.so
7fa3214ea000-7fa3214f1000 r-xp 00000000 ca:01 1996                       /lib/x86_64-linux-gnu/librt-2.23.so
7fa3214f1000-7fa3216f0000 ---p 00007000 ca:01 1996                       /lib/x86_64-linux-gnu/librt-2.23.so
7fa3216f0000-7fa3216f1000 r--p 00006000 ca:01 1996                       /lib/x86_64-linux-gnu/librt-2.23.so
7fa3216f1000-7fa3216f2000 rw-p 00007000 ca:01 1996                       /lib/x86_64-linux-gnu/librt-2.23.so
7fa3216f2000-7fa3217fa000 r-xp 00000000 ca:01 1967                       /lib/x86_64-linux-gnu/libm-2.23.so
7fa3217fa000-7fa3219f9000 ---p 00108000 ca:01 1967                       /lib/x86_64-linux-gnu/libm-2.23.so
7fa3219f9000-7fa3219fa000 r--p 00107000 ca:01 1967                       /lib/x86_64-linux-gnu/libm-2.23.so
7fa3219fa000-7fa3219fb000 rw-p 00108000 ca:01 1967                       /lib/x86_64-linux-gnu/libm-2.23.so
7fa3219fb000-7fa3226d4000 r-xp 00000000 ca:01 262036                     /usr/lib/jvm/java-8-oracle/jre/lib/amd64/server/libjvm.so
7fa3226d4000-7fa3228d3000 ---p 00cd9000 ca:01 262036                     /usr/lib/jvm/java-8-oracle/jre/lib/amd64/server/libjvm.so
7fa3228d3000-7fa3229ac000 rw-p 00cd8000 ca:01 262036                     /usr/lib/jvm/java-8-oracle/jre/lib/amd64/server/libjvm.so
7fa3229ac000-7fa3229f8000 rw-p 00000000 00:00 0 
7fa3229f8000-7fa322bb8000 r-xp 00000000 ca:01 1971                       /lib/x86_64-linux-gnu/libc-2.23.so
7fa322bb8000-7fa322db8000 ---p 001c0000 ca:01 1971                       /lib/x86_64-linux-gnu/libc-2.23.so
7fa322db8000-7fa322dbc000 r--p 001c0000 ca:01 1971                       /lib/x86_64-linux-gnu/libc-2.23.so
7fa322dbc000-7fa322dbe000 rw-p 001c4000 ca:01 1971                       /lib/x86_64-linux-gnu/libc-2.23.so
7fa322dbe000-7fa322dc2000 rw-p 00000000 00:00 0 
7fa322dc2000-7fa322dc5000 r-xp 00000000 ca:01 1973                       /lib/x86_64-linux-gnu/libdl-2.23.so
7fa322dc5000-7fa322fc4000 ---p 00003000 ca:01 1973                       /lib/x86_64-linux-gnu/libdl-2.23.so
7fa322fc4000-7fa322fc5000 r--p 00002000 ca:01 1973                       /lib/x86_64-linux-gnu/libdl-2.23.so
7fa322fc5000-7fa322fc6000 rw-p 00003000 ca:01 1973                       /lib/x86_64-linux-gnu/libdl-2.23.so
7fa322fc6000-7fa322fdc000 r-xp 00000000 ca:01 262031                     /usr/lib/jvm/java-8-oracle/jre/lib/amd64/jli/libjli.so
7fa322fdc000-7fa3231db000 ---p 00016000 ca:01 262031                     /usr/lib/jvm/java-8-oracle/jre/lib/amd64/jli/libjli.so
7fa3231db000-7fa3231dc000 rw-p 00015000 ca:01 262031                     /usr/lib/jvm/java-8-oracle/jre/lib/amd64/jli/libjli.so
7fa3231dc000-7fa3231f4000 r-xp 00000000 ca:01 1970                       /lib/x86_64-linux-gnu/libpthread-2.23.so
7fa3231f4000-7fa3233f3000 ---p 00018000 ca:01 1970                       /lib/x86_64-linux-gnu/libpthread-2.23.so
7fa3233f3000-7fa3233f4000 r--p 00017000 ca:01 1970                       /lib/x86_64-linux-gnu/libpthread-2.23.so
7fa3233f4000-7fa3233f5000 rw-p 00018000 ca:01 1970                       /lib/x86_64-linux-gnu/libpthread-2.23.so
7fa3233f5000-7fa3233f9000 rw-p 00000000 00:00 0 
7fa3233f9000-7fa32341f000 r-xp 00000000 ca:01 1969                       /lib/x86_64-linux-gnu/ld-2.23.so
7fa32348c000-7fa32348f000 rw-p 00000000 00:00 0 
7fa32348f000-7fa323508000 ---p 00000000 00:00 0 
7fa323508000-7fa323509000 rw-p 00000000 00:00 0 
7fa323509000-7fa323511000 rw-s 00000000 ca:01 270406                     /tmp/hsperfdata_root/3153
7fa323511000-7fa323514000 ---p 00000000 00:00 0 
7fa323514000-7fa323617000 rw-p 00000000 00:00 0 
7fa32361c000-7fa32361d000 rw-p 00000000 00:00 0 
7fa32361d000-7fa32361e000 r--p 00000000 00:00 0 
7fa32361e000-7fa32361f000 r--p 00025000 ca:01 1969                       /lib/x86_64-linux-gnu/ld-2.23.so
7fa32361f000-7fa323620000 rw-p 00026000 ca:01 1969                       /lib/x86_64-linux-gnu/ld-2.23.so
7fa323620000-7fa323621000 rw-p 00000000 00:00 0 
7ffef6988000-7ffef69a9000 rw-p 00000000 00:00 0                          [stack]
7ffef69cb000-7ffef69ce000 r--p 00000000 00:00 0                          [vvar]
7ffef69ce000-7ffef69d0000 r-xp 00000000 00:00 0                          [vdso]
ffffffffff600000-ffffffffff601000 r-xp 00000000 00:00 0                  [vsyscall]

VM Arguments:
java_command: <unknown>
java_class_path (initial): .
Launcher Type: SUN_STANDARD

Environment Variables:
JAVA_HOME=/usr/lib/jvm/java-8-oracle
PATH=/usr/local/sbin:/usr/local/bin:/usr/sbin:/usr/bin:/sbin:/bin:/snap/bin:/usr/lib/jvm/java-8-oracle/bin:/usr/lib/jvm/java-8-oracle/db/bin:/usr/lib/jvm/java-8-oracle/jre/bin
SHELL=/bin/bash

Signal Handlers:
SIGSEGV: [libjvm.so+0xad01e0], sa_mask[0]=11111111011111111101111111111110, sa_flags=SA_RESTART|SA_SIGINFO
SIGBUS: [libjvm.so+0xad01e0], sa_mask[0]=11111111011111111101111111111110, sa_flags=SA_RESTART|SA_SIGINFO
SIGFPE: [libjvm.so+0x927fb0], sa_mask[0]=11111111011111111101111111111110, sa_flags=SA_RESTART|SA_SIGINFO
SIGPIPE: [libjvm.so+0x927fb0], sa_mask[0]=11111111011111111101111111111110, sa_flags=SA_RESTART|SA_SIGINFO
SIGXFSZ: [libjvm.so+0x927fb0], sa_mask[0]=11111111011111111101111111111110, sa_flags=SA_RESTART|SA_SIGINFO
SIGILL: [libjvm.so+0x927fb0], sa_mask[0]=11111111011111111101111111111110, sa_flags=SA_RESTART|SA_SIGINFO
SIGUSR1: SIG_DFL, sa_mask[0]=00000000000000000000000000000000, sa_flags=none
SIGUSR2: [libjvm.so+0x9297f0], sa_mask[0]=00000000000000000000000000000000, sa_flags=SA_RESTART|SA_SIGINFO
SIGHUP: SIG_DFL, sa_mask[0]=00000000000000000000000000000000, sa_flags=none
SIGINT: SIG_DFL, sa_mask[0]=00000000000000000000000000000000, sa_flags=none
SIGTERM: SIG_DFL, sa_mask[0]=00000000000000000000000000000000, sa_flags=none
SIGQUIT: SIG_DFL, sa_mask[0]=00000000000000000000000000000000, sa_flags=none


---------------  S Y S T E M  ---------------

OS:DISTRIB_ID=Ubuntu
DISTRIB_RELEASE=16.04
DISTRIB_CODENAME=xenial
DISTRIB_DESCRIPTION="Ubuntu 16.04.3 LTS"

uname:Linux 4.4.0-1049-aws #58-Ubuntu SMP Fri Jan 12 23:17:09 UTC 2018 x86_64
libc:glibc 2.23 NPTL 2.23 
rlimit: STACK 8192k, CORE 0k, NPROC 3900, NOFILE 1048576, AS infinity
load average:10.50 4.77 1.98

/proc/meminfo:
MemTotal:        1014552 kB
MemFree:           54708 kB
MemAvailable:          0 kB
Buffers:             288 kB
Cached:            10876 kB
SwapCached:            0 kB
Active:           899240 kB
Inactive:           3720 kB
Active(anon):     895352 kB
Inactive(anon):     2088 kB
Active(file):       3888 kB
Inactive(file):     1632 kB
Unevictable:        3652 kB
Mlocked:            3652 kB
SwapTotal:             0 kB
SwapFree:              0 kB
Dirty:                60 kB
Writeback:             0 kB
AnonPages:        895464 kB
Mapped:             7028 kB
Shmem:              3204 kB
Slab:              30332 kB
SReclaimable:      13868 kB
SUnreclaim:        16464 kB
KernelStack:        4064 kB
PageTables:         5772 kB
NFS_Unstable:          0 kB
Bounce:                0 kB
WritebackTmp:          0 kB
CommitLimit:      507276 kB
Committed_AS:    1136524 kB
VmallocTotal:   34359738367 kB
VmallocUsed:           0 kB
VmallocChunk:          0 kB
HardwareCorrupted:     0 kB
AnonHugePages:    634880 kB
CmaTotal:              0 kB
CmaFree:               0 kB
HugePages_Total:       0
HugePages_Free:        0
HugePages_Rsvd:        0
HugePages_Surp:        0
Hugepagesize:       2048 kB
DirectMap4k:       45056 kB
DirectMap2M:     1003520 kB


CPU:total 1 (initial active 1) (1 cores per cpu, 1 threads per core) family 6 model 63 stepping 2, cmov, cx8, fxsr, mmx, sse, sse2, sse3, ssse3, sse4.1, sse4.2, popcnt, avx, avx2, aes, clmul, erms, lzcnt, tsc, bmi1, bmi2

/proc/cpuinfo:
processor	: 0
vendor_id	: GenuineIntel
cpu family	: 6
model		: 63
model name	: Intel(R) Xeon(R) CPU E5-2676 v3 @ 2.40GHz
stepping	: 2
microcode	: 0x3b
cpu MHz		: 2394.528
cache size	: 30720 KB
physical id	: 0
siblings	: 1
core id		: 0
cpu cores	: 1
apicid		: 0
initial apicid	: 0
fpu		: yes
fpu_exception	: yes
cpuid level	: 13
wp		: yes
flags		: fpu vme de pse tsc msr pae mce cx8 apic sep mtrr pge mca cmov pat pse36 clflush mmx fxsr sse sse2 ht syscall nx rdtscp lm constant_tsc rep_good nopl xtopology eagerfpu pni pclmulqdq ssse3 fma cx16 pcid sse4_1 sse4_2 x2apic movbe popcnt tsc_deadline_timer aes xsave avx f16c rdrand hypervisor lahf_lm abm invpcid_single kaiser fsgsbase bmi1 avx2 smep bmi2 erms invpcid xsaveopt
bugs		:
bogomips	: 4789.05
clflush size	: 64
cache_alignment	: 64
address sizes	: 46 bits physical, 48 bits virtual
power management:



Memory: 4k page, physical 1014552k(54708k free), swap 0k(0k free)

vm_info: Java HotSpot(TM) 64-Bit Server VM (25.161-b12) for linux-amd64 JRE (1.8.0_161-b12), built on Dec 19 2017 16:12:43 by "java_re" with gcc 4.3.0 20080428 (Red Hat 4.3.0-8)

time: Sat Mar 10 10:38:23 2018
elapsed time: 15 seconds (0d 0h 0m 15s)

